<?xml version="1.0" encoding="UTF-8"?>
<testsuites>
  <testsuite name="" tests="103" assertions="278" errors="0" warnings="0" failures="0" skipped="0" time="12.486202">
    <testsuite name="Unit" tests="31" assertions="53" errors="0" warnings="0" failures="0" skipped="0" time="3.701064">
      <testsuite name="Tests\Unit\SnippetTest" file="/Users/mpndev/work/snippets/tests/Unit/SnippetTest.php" tests="20" assertions="36" errors="0" warnings="0" failures="0" skipped="0" time="2.616350">
        <testcase name="it_can_get_forks" class="Tests\Unit\SnippetTest" classname="Tests.Unit.SnippetTest" file="/Users/mpndev/work/snippets/tests/Unit/SnippetTest.php" line="16" assertions="9" time="0.626687"/>
        <testcase name="it_can_get_his_parent" class="Tests\Unit\SnippetTest" classname="Tests.Unit.SnippetTest" file="/Users/mpndev/work/snippets/tests/Unit/SnippetTest.php" line="39" assertions="1" time="0.107909"/>
        <testcase name="it_can_get_escaped_body" class="Tests\Unit\SnippetTest" classname="Tests.Unit.SnippetTest" file="/Users/mpndev/work/snippets/tests/Unit/SnippetTest.php" line="53" assertions="1" time="0.116711"/>
        <testcase name="it_can_check_is_a_fork_or_not" class="Tests\Unit\SnippetTest" classname="Tests.Unit.SnippetTest" file="/Users/mpndev/work/snippets/tests/Unit/SnippetTest.php" line="68" assertions="2" time="0.126192"/>
        <testcase name="it_can_check_is_have_children" class="Tests\Unit\SnippetTest" classname="Tests.Unit.SnippetTest" file="/Users/mpndev/work/snippets/tests/Unit/SnippetTest.php" line="85" assertions="2" time="0.103345"/>
        <testcase name="it_can_check_is_a_parent" class="Tests\Unit\SnippetTest" classname="Tests.Unit.SnippetTest" file="/Users/mpndev/work/snippets/tests/Unit/SnippetTest.php" line="102" assertions="2" time="0.121822"/>
        <testcase name="it_can_get_creator" class="Tests\Unit\SnippetTest" classname="Tests.Unit.SnippetTest" file="/Users/mpndev/work/snippets/tests/Unit/SnippetTest.php" line="119" assertions="1" time="0.115081"/>
        <testcase name="it_can_show_all_fans" class="Tests\Unit\SnippetTest" classname="Tests.Unit.SnippetTest" file="/Users/mpndev/work/snippets/tests/Unit/SnippetTest.php" line="134" assertions="1" time="0.113538"/>
        <testcase name="it_can_show_quantity_of_fans" class="Tests\Unit\SnippetTest" classname="Tests.Unit.SnippetTest" file="/Users/mpndev/work/snippets/tests/Unit/SnippetTest.php" line="157" assertions="1" time="0.125131"/>
        <testcase name="it_can_get_forks_quantity" class="Tests\Unit\SnippetTest" classname="Tests.Unit.SnippetTest" file="/Users/mpndev/work/snippets/tests/Unit/SnippetTest.php" line="180" assertions="1" time="0.104163"/>
        <testcase name="it_can_add_fork" class="Tests\Unit\SnippetTest" classname="Tests.Unit.SnippetTest" file="/Users/mpndev/work/snippets/tests/Unit/SnippetTest.php" line="197" assertions="1" time="0.082847"/>
        <testcase name="it_can_remove_fork" class="Tests\Unit\SnippetTest" classname="Tests.Unit.SnippetTest" file="/Users/mpndev/work/snippets/tests/Unit/SnippetTest.php" line="211" assertions="2" time="0.088629"/>
        <testcase name="it_can_become_parent_when_his_parent_is_deleted" class="Tests\Unit\SnippetTest" classname="Tests.Unit.SnippetTest" file="/Users/mpndev/work/snippets/tests/Unit/SnippetTest.php" line="227" assertions="3" time="0.096391"/>
        <testcase name="it_can_get_show_path" class="Tests\Unit\SnippetTest" classname="Tests.Unit.SnippetTest" file="/Users/mpndev/work/snippets/tests/Unit/SnippetTest.php" line="248" assertions="1" time="0.094903"/>
        <testcase name="it_can_get_destroy_path" class="Tests\Unit\SnippetTest" classname="Tests.Unit.SnippetTest" file="/Users/mpndev/work/snippets/tests/Unit/SnippetTest.php" line="262" assertions="1" time="0.096901"/>
        <testcase name="it_can_get_edit_path" class="Tests\Unit\SnippetTest" classname="Tests.Unit.SnippetTest" file="/Users/mpndev/work/snippets/tests/Unit/SnippetTest.php" line="276" assertions="1" time="0.109986"/>
        <testcase name="it_can_get_update_path" class="Tests\Unit\SnippetTest" classname="Tests.Unit.SnippetTest" file="/Users/mpndev/work/snippets/tests/Unit/SnippetTest.php" line="290" assertions="1" time="0.112887"/>
        <testcase name="it_can_get_store_path" class="Tests\Unit\SnippetTest" classname="Tests.Unit.SnippetTest" file="/Users/mpndev/work/snippets/tests/Unit/SnippetTest.php" line="304" assertions="1" time="0.090639"/>
        <testcase name="it_can_get_create_path" class="Tests\Unit\SnippetTest" classname="Tests.Unit.SnippetTest" file="/Users/mpndev/work/snippets/tests/Unit/SnippetTest.php" line="318" assertions="1" time="0.082298"/>
        <testcase name="snippet_can_have_many_tags" class="Tests\Unit\SnippetTest" classname="Tests.Unit.SnippetTest" file="/Users/mpndev/work/snippets/tests/Unit/SnippetTest.php" line="332" assertions="3" time="0.100289"/>
      </testsuite>
      <testsuite name="Tests\Unit\TagTest" file="/Users/mpndev/work/snippets/tests/Unit/TagTest.php" tests="1" assertions="3" errors="0" warnings="0" failures="0" skipped="0" time="0.096747">
        <testcase name="it_can_have_many_snippets" class="Tests\Unit\TagTest" classname="Tests.Unit.TagTest" file="/Users/mpndev/work/snippets/tests/Unit/TagTest.php" line="15" assertions="3" time="0.096747"/>
      </testsuite>
      <testsuite name="Tests\Unit\UserTest" file="/Users/mpndev/work/snippets/tests/Unit/UserTest.php" tests="10" assertions="14" errors="0" warnings="0" failures="0" skipped="0" time="0.987967">
        <testcase name="it_can_get_snippets" class="Tests\Unit\UserTest" classname="Tests.Unit.UserTest" file="/Users/mpndev/work/snippets/tests/Unit/UserTest.php" line="15" assertions="3" time="0.085406"/>
        <testcase name="it_can_check_is_snippet_favorite" class="Tests\Unit\UserTest" classname="Tests.Unit.UserTest" file="/Users/mpndev/work/snippets/tests/Unit/UserTest.php" line="31" assertions="2" time="0.087230"/>
        <testcase name="it_can_add_snippet_to_favorite_snippets" class="Tests\Unit\UserTest" classname="Tests.Unit.UserTest" file="/Users/mpndev/work/snippets/tests/Unit/UserTest.php" line="46" assertions="1" time="0.088657"/>
        <testcase name="it_can_create_snippet" class="Tests\Unit\UserTest" classname="Tests.Unit.UserTest" file="/Users/mpndev/work/snippets/tests/Unit/UserTest.php" line="60" assertions="1" time="0.093586"/>
        <testcase name="it_can_remove_snippet_from_favorite_snippets" class="Tests\Unit\UserTest" classname="Tests.Unit.UserTest" file="/Users/mpndev/work/snippets/tests/Unit/UserTest.php" line="74" assertions="1" time="0.088062"/>
        <testcase name="it_can_get_hes_snippets_quantity" class="Tests\Unit\UserTest" classname="Tests.Unit.UserTest" file="/Users/mpndev/work/snippets/tests/Unit/UserTest.php" line="88" assertions="1" time="0.113479"/>
        <testcase name="it_can_get_hes_favorite_snippets_quantity" class="Tests\Unit\UserTest" classname="Tests.Unit.UserTest" file="/Users/mpndev/work/snippets/tests/Unit/UserTest.php" line="102" assertions="1" time="0.116379"/>
        <testcase name="it_remove_snippet_from_favorite_snippets_when_snippet_is_deleted" class="Tests\Unit\UserTest" classname="Tests.Unit.UserTest" file="/Users/mpndev/work/snippets/tests/Unit/UserTest.php" line="121" assertions="1" time="0.100543"/>
        <testcase name="it_delete_his_snippet" class="Tests\Unit\UserTest" classname="Tests.Unit.UserTest" file="/Users/mpndev/work/snippets/tests/Unit/UserTest.php" line="138" assertions="2" time="0.126392"/>
        <testcase name="it_can_get_logout_path" class="Tests\Unit\UserTest" classname="Tests.Unit.UserTest" file="/Users/mpndev/work/snippets/tests/Unit/UserTest.php" line="154" assertions="1" time="0.088233"/>
      </testsuite>
    </testsuite>
    <testsuite name="Feature" tests="72" assertions="225" errors="0" warnings="0" failures="0" skipped="0" time="8.785138">
      <testsuite name="Tests\Feature\APISnippetDestroyTest" file="/Users/mpndev/work/snippets/tests/Feature/APISnippetsDestroyTest.php" tests="5" assertions="12" errors="0" warnings="0" failures="0" skipped="0" time="0.645554">
        <testcase name="user_can_delete_snippet" class="Tests\Feature\APISnippetDestroyTest" classname="Tests.Feature.APISnippetDestroyTest" file="/Users/mpndev/work/snippets/tests/Feature/APISnippetsDestroyTest.php" line="15" assertions="2" time="0.184624"/>
        <testcase name="user_cannot_delete_other_users_snippets" class="Tests\Feature\APISnippetDestroyTest" classname="Tests.Feature.APISnippetDestroyTest" file="/Users/mpndev/work/snippets/tests/Feature/APISnippetsDestroyTest.php" line="34" assertions="3" time="0.098068"/>
        <testcase name="when_is_deleted_children_snippets_become_parents" class="Tests\Feature\APISnippetDestroyTest" classname="Tests.Feature.APISnippetDestroyTest" file="/Users/mpndev/work/snippets/tests/Feature/APISnippetsDestroyTest.php" line="56" assertions="3" time="0.108737"/>
        <testcase name="when_snippet_is_deleted_users_that_have_the_snippet_to_favorite_do_not_have_the_snippet_in_favorite_anymore" class="Tests\Feature\APISnippetDestroyTest" classname="Tests.Feature.APISnippetDestroyTest" file="/Users/mpndev/work/snippets/tests/Feature/APISnippetsDestroyTest.php" line="80" assertions="1" time="0.144859"/>
        <testcase name="guest_cannot_delete_snippets" class="Tests\Feature\APISnippetDestroyTest" classname="Tests.Feature.APISnippetDestroyTest" file="/Users/mpndev/work/snippets/tests/Feature/APISnippetsDestroyTest.php" line="105" assertions="3" time="0.109266"/>
      </testsuite>
      <testsuite name="Tests\Feature\APITagsCanBeAddedToSnippetsTest" file="/Users/mpndev/work/snippets/tests/Feature/APITagCanBeAddedToSnippetTest.php" tests="4" assertions="10" errors="0" warnings="0" failures="0" skipped="0" time="0.476961">
        <testcase name="snippet_can_add_tag_to_himself" class="Tests\Feature\APITagsCanBeAddedToSnippetsTest" classname="Tests.Feature.APITagsCanBeAddedToSnippetsTest" file="/Users/mpndev/work/snippets/tests/Feature/APITagCanBeAddedToSnippetTest.php" line="16" assertions="3" time="0.179953"/>
        <testcase name="snippet_cannot_add_tag_to_himself_if_already_tag_exist" class="Tests\Feature\APITagsCanBeAddedToSnippetsTest" classname="Tests.Feature.APITagsCanBeAddedToSnippetsTest" file="/Users/mpndev/work/snippets/tests/Feature/APITagCanBeAddedToSnippetTest.php" line="39" assertions="3" time="0.113028"/>
        <testcase name="tag_cannot_be_added_not_existing_snippet" class="Tests\Feature\APITagsCanBeAddedToSnippetsTest" classname="Tests.Feature.APITagsCanBeAddedToSnippetsTest" file="/Users/mpndev/work/snippets/tests/Feature/APITagCanBeAddedToSnippetTest.php" line="64" assertions="2" time="0.100123"/>
        <testcase name="guest_cannot_add_tags_to_snippets" class="Tests\Feature\APITagsCanBeAddedToSnippetsTest" classname="Tests.Feature.APITagsCanBeAddedToSnippetsTest" file="/Users/mpndev/work/snippets/tests/Feature/APITagCanBeAddedToSnippetTest.php" line="83" assertions="2" time="0.083857"/>
      </testsuite>
      <testsuite name="Tests\Feature\APITagCanBeDeletedForSnippetTest" file="/Users/mpndev/work/snippets/tests/Feature/APITagCanBeDeletedForSnippetTest.php" tests="6" assertions="15" errors="0" warnings="0" failures="0" skipped="0" time="0.747316">
        <testcase name="tag_can_be_removed_from_target_snippet" class="Tests\Feature\APITagCanBeDeletedForSnippetTest" classname="Tests.Feature.APITagCanBeDeletedForSnippetTest" file="/Users/mpndev/work/snippets/tests/Feature/APITagCanBeDeletedForSnippetTest.php" line="16" assertions="2" time="0.124825"/>
        <testcase name="guest_cannot_remove_tag_for_any_snippet" class="Tests\Feature\APITagCanBeDeletedForSnippetTest" classname="Tests.Feature.APITagCanBeDeletedForSnippetTest" file="/Users/mpndev/work/snippets/tests/Feature/APITagCanBeDeletedForSnippetTest.php" line="38" assertions="2" time="0.118168"/>
        <testcase name="tag_cannot_be_deleted_for_unexisting_snippet" class="Tests\Feature\APITagCanBeDeletedForSnippetTest" classname="Tests.Feature.APITagCanBeDeletedForSnippetTest" file="/Users/mpndev/work/snippets/tests/Feature/APITagCanBeDeletedForSnippetTest.php" line="60" assertions="2" time="0.140178"/>
        <testcase name="unexisting_tag_cannot_be_removed_from_target_snippet" class="Tests\Feature\APITagCanBeDeletedForSnippetTest" classname="Tests.Feature.APITagCanBeDeletedForSnippetTest" file="/Users/mpndev/work/snippets/tests/Feature/APITagCanBeDeletedForSnippetTest.php" line="83" assertions="2" time="0.100349"/>
        <testcase name="tag_will_not_be_deleted_if_target_snippet_remove_it_and_no_one_use_it" class="Tests\Feature\APITagCanBeDeletedForSnippetTest" classname="Tests.Feature.APITagCanBeDeletedForSnippetTest" file="/Users/mpndev/work/snippets/tests/Feature/APITagCanBeDeletedForSnippetTest.php" line="104" assertions="2" time="0.115163"/>
        <testcase name="tag_will_be_deleted_if_every_snippet_remove_it" class="Tests\Feature\APITagCanBeDeletedForSnippetTest" classname="Tests.Feature.APITagCanBeDeletedForSnippetTest" file="/Users/mpndev/work/snippets/tests/Feature/APITagCanBeDeletedForSnippetTest.php" line="129" assertions="5" time="0.148633"/>
      </testsuite>
      <testsuite name="Tests\Feature\GetSnippetsByTagsTest" file="/Users/mpndev/work/snippets/tests/Feature/GetSnippetsByTagsTest.php" tests="1" assertions="4" errors="0" warnings="0" failures="0" skipped="0" time="0.174567">
        <testcase name="see_only_snippets_for_specific_tags" class="Tests\Feature\GetSnippetsByTagsTest" classname="Tests.Feature.GetSnippetsByTagsTest" file="/Users/mpndev/work/snippets/tests/Feature/GetSnippetsByTagsTest.php" line="16" assertions="4" time="0.174567"/>
      </testsuite>
      <testsuite name="Tests\Feature\LoginCreateTest" file="/Users/mpndev/work/snippets/tests/Feature/LoginCreateTest.php" tests="2" assertions="4" errors="0" warnings="0" failures="0" skipped="0" time="0.231405">
        <testcase name="guest_can_see_login_form" class="Tests\Feature\LoginCreateTest" classname="Tests.Feature.LoginCreateTest" file="/Users/mpndev/work/snippets/tests/Feature/LoginCreateTest.php" line="14" assertions="2" time="0.114132"/>
        <testcase name="user_cannot_see_login_form" class="Tests\Feature\LoginCreateTest" classname="Tests.Feature.LoginCreateTest" file="/Users/mpndev/work/snippets/tests/Feature/LoginCreateTest.php" line="28" assertions="2" time="0.117273"/>
      </testsuite>
      <testsuite name="Tests\Feature\LoginStoreTest" file="/Users/mpndev/work/snippets/tests/Feature/LoginStoreTest.php" tests="5" assertions="13" errors="0" warnings="0" failures="0" skipped="0" time="0.727226">
        <testcase name="guest_can_log_in" class="Tests\Feature\LoginStoreTest" classname="Tests.Feature.LoginStoreTest" file="/Users/mpndev/work/snippets/tests/Feature/LoginStoreTest.php" line="14" assertions="4" time="0.221230"/>
        <testcase name="user_cannot_log_in" class="Tests\Feature\LoginStoreTest" classname="Tests.Feature.LoginStoreTest" file="/Users/mpndev/work/snippets/tests/Feature/LoginStoreTest.php" line="36" assertions="4" time="0.111923"/>
        <testcase name="name_is_required" class="Tests\Feature\LoginStoreTest" classname="Tests.Feature.LoginStoreTest" file="/Users/mpndev/work/snippets/tests/Feature/LoginStoreTest.php" line="60" assertions="2" time="0.115931"/>
        <testcase name="password_is_required" class="Tests\Feature\LoginStoreTest" classname="Tests.Feature.LoginStoreTest" file="/Users/mpndev/work/snippets/tests/Feature/LoginStoreTest.php" line="74" assertions="2" time="0.103369"/>
        <testcase name="user_cannot_log_in_with_wrong_password" class="Tests\Feature\LoginStoreTest" classname="Tests.Feature.LoginStoreTest" file="/Users/mpndev/work/snippets/tests/Feature/LoginStoreTest.php" line="92" assertions="1" time="0.174773"/>
      </testsuite>
      <testsuite name="Tests\Feature\LogoutTest" file="/Users/mpndev/work/snippets/tests/Feature/LogoutTest.php" tests="2" assertions="6" errors="0" warnings="0" failures="0" skipped="0" time="0.190213">
        <testcase name="user_can_log_out" class="Tests\Feature\LogoutTest" classname="Tests.Feature.LogoutTest" file="/Users/mpndev/work/snippets/tests/Feature/LogoutTest.php" line="14" assertions="3" time="0.109264"/>
        <testcase name="guest_cannot_log_out" class="Tests\Feature\LogoutTest" classname="Tests.Feature.LogoutTest" file="/Users/mpndev/work/snippets/tests/Feature/LogoutTest.php" line="28" assertions="3" time="0.080949"/>
      </testsuite>
      <testsuite name="Tests\Feature\RegisterCreateTest" file="/Users/mpndev/work/snippets/tests/Feature/RegisterCreateTest.php" tests="2" assertions="5" errors="0" warnings="0" failures="0" skipped="0" time="0.179839">
        <testcase name="guest_can_get_registration_form" class="Tests\Feature\RegisterCreateTest" classname="Tests.Feature.RegisterCreateTest" file="/Users/mpndev/work/snippets/tests/Feature/RegisterCreateTest.php" line="14" assertions="3" time="0.092852"/>
        <testcase name="user_cannot_get_registration_form" class="Tests\Feature\RegisterCreateTest" classname="Tests.Feature.RegisterCreateTest" file="/Users/mpndev/work/snippets/tests/Feature/RegisterCreateTest.php" line="29" assertions="2" time="0.086987"/>
      </testsuite>
      <testsuite name="Tests\Feature\RegisterStoreTest" file="/Users/mpndev/work/snippets/tests/Feature/RegisterStoreTest.php" tests="4" assertions="12" errors="0" warnings="0" failures="0" skipped="0" time="0.497922">
        <testcase name="guest_can_register" class="Tests\Feature\RegisterStoreTest" classname="Tests.Feature.RegisterStoreTest" file="/Users/mpndev/work/snippets/tests/Feature/RegisterStoreTest.php" line="14" assertions="1" time="0.091936"/>
        <testcase name="api_token_is_generated_on_register" class="Tests\Feature\RegisterStoreTest" classname="Tests.Feature.RegisterStoreTest" file="/Users/mpndev/work/snippets/tests/Feature/RegisterStoreTest.php" line="30" assertions="2" time="0.112922"/>
        <testcase name="validation_is_ok" class="Tests\Feature\RegisterStoreTest" classname="Tests.Feature.RegisterStoreTest" file="/Users/mpndev/work/snippets/tests/Feature/RegisterStoreTest.php" line="48" assertions="8" time="0.190846"/>
        <testcase name="user_cannot_register" class="Tests\Feature\RegisterStoreTest" classname="Tests.Feature.RegisterStoreTest" file="/Users/mpndev/work/snippets/tests/Feature/RegisterStoreTest.php" line="93" assertions="1" time="0.102218"/>
      </testsuite>
      <testsuite name="Tests\Feature\SearchSnippetsTest" file="/Users/mpndev/work/snippets/tests/Feature/SearchSnippetsTest.php" tests="1" assertions="1" errors="0" warnings="0" failures="0" skipped="0" time="0.162079">
        <testcase name="show_all_snippets_that_contains_the_string_in_title_description_or_body" class="Tests\Feature\SearchSnippetsTest" classname="Tests.Feature.SearchSnippetsTest" file="/Users/mpndev/work/snippets/tests/Feature/SearchSnippetsTest.php" line="15" assertions="1" time="0.162079"/>
      </testsuite>
      <testsuite name="Tests\Feature\SnippetCreateTest" file="/Users/mpndev/work/snippets/tests/Feature/SnippetCreateTest.php" tests="3" assertions="21" errors="0" warnings="0" failures="0" skipped="0" time="0.275998">
        <testcase name="user_can_see_snippet_form" class="Tests\Feature\SnippetCreateTest" classname="Tests.Feature.SnippetCreateTest" file="/Users/mpndev/work/snippets/tests/Feature/SnippetCreateTest.php" line="15" assertions="7" time="0.096539"/>
        <testcase name="guest_cannot_see_snippet_form" class="Tests\Feature\SnippetCreateTest" classname="Tests.Feature.SnippetCreateTest" file="/Users/mpndev/work/snippets/tests/Feature/SnippetCreateTest.php" line="36" assertions="3" time="0.083314"/>
        <testcase name="user_can_see_fork_form" class="Tests\Feature\SnippetCreateTest" classname="Tests.Feature.SnippetCreateTest" file="/Users/mpndev/work/snippets/tests/Feature/SnippetCreateTest.php" line="50" assertions="11" time="0.096145"/>
      </testsuite>
      <testsuite name="Tests\Feature\SnippetDestroyTest" file="/Users/mpndev/work/snippets/tests/Feature/SnippetDestroyTest.php" tests="5" assertions="13" errors="0" warnings="0" failures="0" skipped="0" time="0.533157">
        <testcase name="user_can_delete_snippet" class="Tests\Feature\SnippetDestroyTest" classname="Tests.Feature.SnippetDestroyTest" file="/Users/mpndev/work/snippets/tests/Feature/SnippetDestroyTest.php" line="15" assertions="2" time="0.097838"/>
        <testcase name="user_cannot_delete_other_users_snippets" class="Tests\Feature\SnippetDestroyTest" classname="Tests.Feature.SnippetDestroyTest" file="/Users/mpndev/work/snippets/tests/Feature/SnippetDestroyTest.php" line="31" assertions="3" time="0.104141"/>
        <testcase name="when_is_deleted_children_snippets_become_parents" class="Tests\Feature\SnippetDestroyTest" classname="Tests.Feature.SnippetDestroyTest" file="/Users/mpndev/work/snippets/tests/Feature/SnippetDestroyTest.php" line="48" assertions="3" time="0.111661"/>
        <testcase name="when_snippet_is_deleted_users_that_have_the_snippet_to_favorite_do_not_have_the_snippet_in_favorite_anymore" class="Tests\Feature\SnippetDestroyTest" classname="Tests.Feature.SnippetDestroyTest" file="/Users/mpndev/work/snippets/tests/Feature/SnippetDestroyTest.php" line="69" assertions="1" time="0.130151"/>
        <testcase name="guest_cannot_delete_snippets" class="Tests\Feature\SnippetDestroyTest" classname="Tests.Feature.SnippetDestroyTest" file="/Users/mpndev/work/snippets/tests/Feature/SnippetDestroyTest.php" line="91" assertions="4" time="0.089366"/>
      </testsuite>
      <testsuite name="Tests\Feature\SnippetEditTest" file="/Users/mpndev/work/snippets/tests/Feature/SnippetEditTest.php" tests="3" assertions="18" errors="0" warnings="0" failures="0" skipped="0" time="0.342342">
        <testcase name="it_can_see_edit_form" class="Tests\Feature\SnippetEditTest" classname="Tests.Feature.SnippetEditTest" file="/Users/mpndev/work/snippets/tests/Feature/SnippetEditTest.php" line="15" assertions="13" time="0.096322"/>
        <testcase name="user_cannot_see_edit_form_for_other_users_snippets" class="Tests\Feature\SnippetEditTest" classname="Tests.Feature.SnippetEditTest" file="/Users/mpndev/work/snippets/tests/Feature/SnippetEditTest.php" line="43" assertions="2" time="0.132009"/>
        <testcase name="guest_cannot_see_snippet_edit_form" class="Tests\Feature\SnippetEditTest" classname="Tests.Feature.SnippetEditTest" file="/Users/mpndev/work/snippets/tests/Feature/SnippetEditTest.php" line="60" assertions="3" time="0.114011"/>
      </testsuite>
      <testsuite name="Tests\Feature\SnippetIndexTest" file="/Users/mpndev/work/snippets/tests/Feature/SnippetIndexTest.php" tests="5" assertions="17" errors="0" warnings="0" failures="0" skipped="0" time="0.600467">
        <testcase name="see_minimum_text" class="Tests\Feature\SnippetIndexTest" classname="Tests.Feature.SnippetIndexTest" file="/Users/mpndev/work/snippets/tests/Feature/SnippetIndexTest.php" line="15" assertions="4" time="0.144646"/>
        <testcase name="see_user_name_when_he_is_logged_in" class="Tests\Feature\SnippetIndexTest" classname="Tests.Feature.SnippetIndexTest" file="/Users/mpndev/work/snippets/tests/Feature/SnippetIndexTest.php" line="32" assertions="1" time="0.104791"/>
        <testcase name="do_not_see_user_name_when_is_guest" class="Tests\Feature\SnippetIndexTest" classname="Tests.Feature.SnippetIndexTest" file="/Users/mpndev/work/snippets/tests/Feature/SnippetIndexTest.php" line="45" assertions="1" time="0.086934"/>
        <testcase name="if_snippet_have_forks_user_can_see_them" class="Tests\Feature\SnippetIndexTest" classname="Tests.Feature.SnippetIndexTest" file="/Users/mpndev/work/snippets/tests/Feature/SnippetIndexTest.php" line="58" assertions="6" time="0.116232"/>
        <testcase name="if_snippet_have_parent_user_can_see_him" class="Tests\Feature\SnippetIndexTest" classname="Tests.Feature.SnippetIndexTest" file="/Users/mpndev/work/snippets/tests/Feature/SnippetIndexTest.php" line="86" assertions="5" time="0.147864"/>
      </testsuite>
      <testsuite name="Tests\Feature\SnippetShowTest" file="/Users/mpndev/work/snippets/tests/Feature/SnippetShowTest.php" tests="1" assertions="4" errors="0" warnings="0" failures="0" skipped="0" time="0.129792">
        <testcase name="guest_can_see_single_snippet_with_all_useful_fields" class="Tests\Feature\SnippetShowTest" classname="Tests.Feature.SnippetShowTest" file="/Users/mpndev/work/snippets/tests/Feature/SnippetShowTest.php" line="15" assertions="4" time="0.129792"/>
      </testsuite>
      <testsuite name="Tests\Feature\SnippetStoreTest" file="/Users/mpndev/work/snippets/tests/Feature/SnippetStoreTest.php" tests="5" assertions="16" errors="0" warnings="0" failures="0" skipped="0" time="0.539152">
        <testcase name="user_can_submit_new_snippet" class="Tests\Feature\SnippetStoreTest" classname="Tests.Feature.SnippetStoreTest" file="/Users/mpndev/work/snippets/tests/Feature/SnippetStoreTest.php" line="16" assertions="4" time="0.138015"/>
        <testcase name="guest_cannot_store_new_snippet" class="Tests\Feature\SnippetStoreTest" classname="Tests.Feature.SnippetStoreTest" file="/Users/mpndev/work/snippets/tests/Feature/SnippetStoreTest.php" line="38" assertions="3" time="0.082272"/>
        <testcase name="title_and_body_fields_are_required" class="Tests\Feature\SnippetStoreTest" classname="Tests.Feature.SnippetStoreTest" file="/Users/mpndev/work/snippets/tests/Feature/SnippetStoreTest.php" line="52" assertions="3" time="0.091351"/>
        <testcase name="title_description_and_body_fields_have_limitations" class="Tests\Feature\SnippetStoreTest" classname="Tests.Feature.SnippetStoreTest" file="/Users/mpndev/work/snippets/tests/Feature/SnippetStoreTest.php" line="71" assertions="4" time="0.116517"/>
        <testcase name="when_user_store_snippet_if_is_a_fork_title_cannot_be_like_parent_title" class="Tests\Feature\SnippetStoreTest" classname="Tests.Feature.SnippetStoreTest" file="/Users/mpndev/work/snippets/tests/Feature/SnippetStoreTest.php" line="89" assertions="2" time="0.110997"/>
      </testsuite>
      <testsuite name="Tests\Feature\SnippetUpdateTest" file="/Users/mpndev/work/snippets/tests/Feature/SnippetUpdateTest.php" tests="4" assertions="12" errors="0" warnings="0" failures="0" skipped="0" time="0.447088">
        <testcase name="user_can_update_snippet" class="Tests\Feature\SnippetUpdateTest" classname="Tests.Feature.SnippetUpdateTest" file="/Users/mpndev/work/snippets/tests/Feature/SnippetUpdateTest.php" line="16" assertions="2" time="0.136856"/>
        <testcase name="user_cannot_update_other_users_snippets" class="Tests\Feature\SnippetUpdateTest" classname="Tests.Feature.SnippetUpdateTest" file="/Users/mpndev/work/snippets/tests/Feature/SnippetUpdateTest.php" line="45" assertions="2" time="0.113004"/>
        <testcase name="guest_cannot_update_snippet" class="Tests\Feature\SnippetUpdateTest" classname="Tests.Feature.SnippetUpdateTest" file="/Users/mpndev/work/snippets/tests/Feature/SnippetUpdateTest.php" line="74" assertions="4" time="0.095446"/>
        <testcase name="validation_rules_on_update_snippet_are_active" class="Tests\Feature\SnippetUpdateTest" classname="Tests.Feature.SnippetUpdateTest" file="/Users/mpndev/work/snippets/tests/Feature/SnippetUpdateTest.php" line="104" assertions="4" time="0.101782"/>
      </testsuite>
      <testsuite name="Tests\Feature\SnippetsThatAreForksToUsersSnippetsTest" file="/Users/mpndev/work/snippets/tests/Feature/SnippetsThatAreForksToUsersSnippetsTest.php" tests="1" assertions="5" errors="0" warnings="0" failures="0" skipped="0" time="0.136079">
        <testcase name="users_can_see_snippets_that_forks_his_snippets" class="Tests\Feature\SnippetsThatAreForksToUsersSnippetsTest" classname="Tests.Feature.SnippetsThatAreForksToUsersSnippetsTest" file="/Users/mpndev/work/snippets/tests/Feature/SnippetsThatAreForksToUsersSnippetsTest.php" line="15" assertions="5" time="0.136079"/>
      </testsuite>
      <testsuite name="Tests\Feature\SnippetsThatWasForkedTest" file="/Users/mpndev/work/snippets/tests/Feature/SnippetsThatWasForkedTest.php" tests="1" assertions="3" errors="0" warnings="0" failures="0" skipped="0" time="0.145314">
        <testcase name="users_can_see_only_snippets_that_was_forked" class="Tests\Feature\SnippetsThatWasForkedTest" classname="Tests.Feature.SnippetsThatWasForkedTest" file="/Users/mpndev/work/snippets/tests/Feature/SnippetsThatWasForkedTest.php" line="15" assertions="3" time="0.145314"/>
      </testsuite>
      <testsuite name="Tests\Feature\TagCanBeDeletedForSnippetTest" file="/Users/mpndev/work/snippets/tests/Feature/TagCanBeDeletedForSnippetTest.php" tests="6" assertions="13" errors="0" warnings="0" failures="0" skipped="0" time="0.889541">
        <testcase name="tag_can_be_removed_from_target_snippet" class="Tests\Feature\TagCanBeDeletedForSnippetTest" classname="Tests.Feature.TagCanBeDeletedForSnippetTest" file="/Users/mpndev/work/snippets/tests/Feature/TagCanBeDeletedForSnippetTest.php" line="16" assertions="2" time="0.135205"/>
        <testcase name="guest_cannot_remove_tag_for_any_snippet" class="Tests\Feature\TagCanBeDeletedForSnippetTest" classname="Tests.Feature.TagCanBeDeletedForSnippetTest" file="/Users/mpndev/work/snippets/tests/Feature/TagCanBeDeletedForSnippetTest.php" line="38" assertions="2" time="0.151051"/>
        <testcase name="tag_cannot_be_deleted_for_unexisting_snippet" class="Tests\Feature\TagCanBeDeletedForSnippetTest" classname="Tests.Feature.TagCanBeDeletedForSnippetTest" file="/Users/mpndev/work/snippets/tests/Feature/TagCanBeDeletedForSnippetTest.php" line="59" assertions="1" time="0.168199"/>
        <testcase name="unexisting_tag_cannot_be_removed_from_target_snippet" class="Tests\Feature\TagCanBeDeletedForSnippetTest" classname="Tests.Feature.TagCanBeDeletedForSnippetTest" file="/Users/mpndev/work/snippets/tests/Feature/TagCanBeDeletedForSnippetTest.php" line="80" assertions="1" time="0.138081"/>
        <testcase name="tag_will_not_be_deleted_if_target_snippet_remove_it_and_no_one_use_it" class="Tests\Feature\TagCanBeDeletedForSnippetTest" classname="Tests.Feature.TagCanBeDeletedForSnippetTest" file="/Users/mpndev/work/snippets/tests/Feature/TagCanBeDeletedForSnippetTest.php" line="99" assertions="2" time="0.165672"/>
        <testcase name="tag_will_be_deleted_if_every_snippet_remove_it" class="Tests\Feature\TagCanBeDeletedForSnippetTest" classname="Tests.Feature.TagCanBeDeletedForSnippetTest" file="/Users/mpndev/work/snippets/tests/Feature/TagCanBeDeletedForSnippetTest.php" line="124" assertions="5" time="0.131333"/>
      </testsuite>
      <testsuite name="Tests\Feature\TagsCanBeAddedToSnippetsTest" file="/Users/mpndev/work/snippets/tests/Feature/TagsCanBeAddedToSnippetsTest.php" tests="4" assertions="7" errors="0" warnings="0" failures="0" skipped="0" time="0.400794">
        <testcase name="snippet_can_add_tag_to_himself" class="Tests\Feature\TagsCanBeAddedToSnippetsTest" classname="Tests.Feature.TagsCanBeAddedToSnippetsTest" file="/Users/mpndev/work/snippets/tests/Feature/TagsCanBeAddedToSnippetsTest.php" line="16" assertions="2" time="0.110140"/>
        <testcase name="snippet_cannot_add_tag_to_himself_if_already_tag_exist" class="Tests\Feature\TagsCanBeAddedToSnippetsTest" classname="Tests.Feature.TagsCanBeAddedToSnippetsTest" file="/Users/mpndev/work/snippets/tests/Feature/TagsCanBeAddedToSnippetsTest.php" line="36" assertions="2" time="0.108417"/>
        <testcase name="tag_cannot_be_added_unexisting_snippet" class="Tests\Feature\TagsCanBeAddedToSnippetsTest" classname="Tests.Feature.TagsCanBeAddedToSnippetsTest" file="/Users/mpndev/work/snippets/tests/Feature/TagsCanBeAddedToSnippetsTest.php" line="58" assertions="1" time="0.091236"/>
        <testcase name="guest_cannot_add_tags_to_snippets" class="Tests\Feature\TagsCanBeAddedToSnippetsTest" classname="Tests.Feature.TagsCanBeAddedToSnippetsTest" file="/Users/mpndev/work/snippets/tests/Feature/TagsCanBeAddedToSnippetsTest.php" line="74" assertions="2" time="0.091001"/>
      </testsuite>
      <testsuite name="Tests\Feature\UserFavoriteSnippetsTest" file="/Users/mpndev/work/snippets/tests/Feature/UserFavoriteSnippetsTest.php" tests="1" assertions="7" errors="0" warnings="0" failures="0" skipped="0" time="0.140761">
        <testcase name="user_can_see_hes_snippets" class="Tests\Feature\UserFavoriteSnippetsTest" classname="Tests.Feature.UserFavoriteSnippetsTest" file="/Users/mpndev/work/snippets/tests/Feature/UserFavoriteSnippetsTest.php" line="15" assertions="7" time="0.140761"/>
      </testsuite>
      <testsuite name="Tests\Feature\UserSnippetsTest" file="/Users/mpndev/work/snippets/tests/Feature/UserSnippetsTest.php" tests="1" assertions="7" errors="0" warnings="0" failures="0" skipped="0" time="0.171571">
        <testcase name="user_can_see_hes_snippets" class="Tests\Feature\UserSnippetsTest" classname="Tests.Feature.UserSnippetsTest" file="/Users/mpndev/work/snippets/tests/Feature/UserSnippetsTest.php" line="15" assertions="7" time="0.171571"/>
      </testsuite>
    </testsuite>
  </testsuite>
</testsuites>
